Crashlog created at 2014-05-28 16:57:48 -0400

===== MESSAGE:

SyntaxError: item /content/lecture_notes/js_json/ (rep default):46: syntax error, unexpected tIDENTIFIER, expecting end-of-input
; $= code_end ; _erbout.concat "\n\n\nthen...
             ^

===== COMPILATION STACK:

  - [item]   /content/lecture_notes/js_json/ (rep default)

===== STACK TRACE:

  0. /Users/pitosalas/.rbenv/versions/2.1.1/lib/ruby/2.1.0/erb.rb:850:in `eval'
  1. /Users/pitosalas/.rbenv/versions/2.1.1/lib/ruby/2.1.0/erb.rb:850:in `result'
  2. /Users/pitosalas/.rbenv/versions/2.1.1/lib/ruby/gems/2.1.0/gems/nanoc-3.6.11/lib/nanoc/filters/erb.rb:34:in `run'
  3. /Users/pitosalas/.rbenv/versions/2.1.1/lib/ruby/gems/2.1.0/gems/nanoc-3.6.11/lib/nanoc/base/compilation/filter.rb:121:in `setup_and_run'
  4. /Users/pitosalas/.rbenv/versions/2.1.1/lib/ruby/gems/2.1.0/gems/nanoc-3.6.11/lib/nanoc/base/result_data/item_rep.rb:339:in `filter'
  5. /Users/pitosalas/.rbenv/versions/2.1.1/lib/ruby/gems/2.1.0/gems/nanoc-3.6.11/lib/nanoc/base/compilation/item_rep_proxy.rb:47:in `filter'
  6. /Users/pitosalas/.rbenv/versions/2.1.1/lib/ruby/gems/2.1.0/gems/nanoc-3.6.11/lib/nanoc/base/compilation/rule_context.rb:61:in `filter'
  7. ./Rules:56:in `block (2 levels) in load'
  8. ./Rules:50:in `each'
  9. ./Rules:50:in `block in load'
  10. /Users/pitosalas/.rbenv/versions/2.1.1/lib/ruby/gems/2.1.0/gems/nanoc-3.6.11/lib/nanoc/base/compilation/rule.rb:70:in `instance_eval'
  11. /Users/pitosalas/.rbenv/versions/2.1.1/lib/ruby/gems/2.1.0/gems/nanoc-3.6.11/lib/nanoc/base/compilation/rule.rb:70:in `apply_to'
  12. /Users/pitosalas/.rbenv/versions/2.1.1/lib/ruby/gems/2.1.0/gems/nanoc-3.6.11/lib/nanoc/base/compilation/compiler.rb:385:in `compile_rep'
  13. /Users/pitosalas/.rbenv/versions/2.1.1/lib/ruby/gems/2.1.0/gems/nanoc-3.6.11/lib/nanoc/base/compilation/compiler.rb:341:in `block in compile_reps'
  14. /Users/pitosalas/.rbenv/versions/2.1.1/lib/ruby/gems/2.1.0/gems/nanoc-3.6.11/lib/nanoc/base/compilation/compiler.rb:334:in `loop'
  15. /Users/pitosalas/.rbenv/versions/2.1.1/lib/ruby/gems/2.1.0/gems/nanoc-3.6.11/lib/nanoc/base/compilation/compiler.rb:334:in `compile_reps'
  16. /Users/pitosalas/.rbenv/versions/2.1.1/lib/ruby/gems/2.1.0/gems/nanoc-3.6.11/lib/nanoc/base/compilation/compiler.rb:89:in `run'
  17. /Users/pitosalas/.rbenv/versions/2.1.1/lib/ruby/gems/2.1.0/gems/nanoc-3.6.11/lib/nanoc/base/source_data/site.rb:58:in `compile'
  18. /Users/pitosalas/.rbenv/versions/2.1.1/lib/ruby/gems/2.1.0/gems/nanoc-3.6.11/lib/nanoc/cli/commands/compile.rb:397:in `block in run'
  19. /Users/pitosalas/.rbenv/versions/2.1.1/lib/ruby/gems/2.1.0/gems/nanoc-3.6.11/lib/nanoc/cli/commands/compile.rb:438:in `run_listeners_while'
  20. /Users/pitosalas/.rbenv/versions/2.1.1/lib/ruby/gems/2.1.0/gems/nanoc-3.6.11/lib/nanoc/cli/commands/compile.rb:396:in `run'
  21. /Users/pitosalas/.rbenv/versions/2.1.1/lib/ruby/gems/2.1.0/gems/nanoc-3.6.11/lib/nanoc/cli/command_runner.rb:14:in `block in call'
  22. /Users/pitosalas/.rbenv/versions/2.1.1/lib/ruby/gems/2.1.0/gems/nanoc-3.6.11/lib/nanoc/cli/error_handler.rb:74:in `handle_while'
  23. /Users/pitosalas/.rbenv/versions/2.1.1/lib/ruby/gems/2.1.0/gems/nanoc-3.6.11/lib/nanoc/cli/error_handler.rb:26:in `handle_while'
  24. /Users/pitosalas/.rbenv/versions/2.1.1/lib/ruby/gems/2.1.0/gems/nanoc-3.6.11/lib/nanoc/cli/command_runner.rb:13:in `call'
  25. /Users/pitosalas/.rbenv/versions/2.1.1/lib/ruby/gems/2.1.0/gems/cri-2.6.0/lib/cri/command_dsl.rb:223:in `block in runner'
  26. /Users/pitosalas/.rbenv/versions/2.1.1/lib/ruby/gems/2.1.0/gems/cri-2.6.0/lib/cri/command.rb:298:in `call'
  27. /Users/pitosalas/.rbenv/versions/2.1.1/lib/ruby/gems/2.1.0/gems/cri-2.6.0/lib/cri/command.rb:298:in `run_this'
  28. /Users/pitosalas/.rbenv/versions/2.1.1/lib/ruby/gems/2.1.0/gems/cri-2.6.0/lib/cri/command.rb:251:in `run'
  29. /Users/pitosalas/.rbenv/versions/2.1.1/lib/ruby/gems/2.1.0/gems/cri-2.6.0/lib/cri/command.rb:264:in `run'
  30. /Users/pitosalas/.rbenv/versions/2.1.1/lib/ruby/gems/2.1.0/gems/nanoc-3.6.11/lib/nanoc/cli.rb:59:in `block in run'
  31. /Users/pitosalas/.rbenv/versions/2.1.1/lib/ruby/gems/2.1.0/gems/nanoc-3.6.11/lib/nanoc/cli/error_handler.rb:74:in `handle_while'
  32. /Users/pitosalas/.rbenv/versions/2.1.1/lib/ruby/gems/2.1.0/gems/nanoc-3.6.11/lib/nanoc/cli/error_handler.rb:26:in `handle_while'
  33. /Users/pitosalas/.rbenv/versions/2.1.1/lib/ruby/gems/2.1.0/gems/nanoc-3.6.11/lib/nanoc/cli.rb:57:in `run'
  34. /Users/pitosalas/.rbenv/versions/2.1.1/lib/ruby/gems/2.1.0/gems/nanoc-3.6.11/bin/nanoc:19:in `<top (required)>'
  35. /Users/pitosalas/.rbenv/versions/2.1.1/bin/nanoc:23:in `load'

===== VERSION INFORMATION:

nanoc 3.6.11 © 2007-2014 Denis Defreyne.
Running ruby 2.1.1 (2014-02-24) on x86_64-darwin13.0 with RubyGems 2.2.2.

===== SYSTEM INFORMATION:

Darwin Monster.local 13.2.0 Darwin Kernel Version 13.2.0: Thu Apr 17 23:03:13 PDT 2014; root:xnu-2422.100.13~1/RELEASE_X86_64 x86_64

===== INSTALLED GEMS:

  actionmailer 4.1.0
  actionpack 4.1.0
  actionview 4.1.0
  activemodel 4.1.0
  activerecord 4.1.0
  activesupport 4.1.0
  adsf 1.2.0
  arbre 1.0.1
  arel 5.0.1.20140414130214
  awesome_print 1.2.0
  bcrypt 3.1.7
  better_errors 1.1.0
  bigdecimal 1.2.4, 1.2.5
  binding_of_caller 0.7.2
  bourbon 3.2.1
  builder 3.2.2
  bundler 1.6.2
  celluloid 0.15.2
  celluloid-io 0.15.0
  coderay 1.1.0
  coffee-rails 4.0.1
  coffee-script 2.2.0
  coffee-script-source 1.7.0
  colored 1.2
  columnize 0.8.9
  coolline 0.4.3
  coursegen 0.0.1
  cri 2.6.0
  debug_inspector 0.0.2
  debugger 1.6.6
  debugger-linecache 1.2.0
  debugger-ruby_core_source 1.3.2
  devise 3.2.4
  diff-lcs 1.2.5
  diffy 3.0.4
  erubis 2.7.0
  execjs 2.0.2
  faker 1.3.0
  faraday 0.9.0
  ffi 1.9.3
  font-awesome-rails 4.0.3.1, 4.0.3.2
  formatador 0.2.4
  formtastic 2.3.0.rc3
  gem-open 0.1.7
  grit 2.5.0
  guard 2.6.0, 2.6.1
  guard-minitest 2.3.0
  guard-nanoc 1.0.2
  guard-test 2.0.4
  haml 4.0.5
  has_scope 0.6.0.rc
  hashie 2.1.1
  hike 1.2.3, 2.1.2
  hirb 0.7.1
  i18n 0.6.9
  inherited_resources 1.4.1
  io-console 0.4.2
  jazz_hands 0.5.2
  jbuilder 2.0.6, 2.0.7
  jquery-rails 3.1.0
  jquery-ui-rails 4.2.1
  jsmin 1.0.1
  json 1.8.1
  jwt 0.1.11
  kaminari 0.15.1
  kramdown 1.3.3
  listen 2.7.4
  lumberjack 1.0.5
  mail 2.5.4
  method_source 0.8.2
  mime-types 1.25.1, 2.2
  mini_portile 0.5.3
  minitest 4.7.5, 5.3.3
  minitest-colorize 0.0.5
  minitest-documentation 1.0.0
  minitest-rails 2.0.1
  multi_json 1.9.2, 1.9.3, 1.10.0
  multi_xml 0.5.5
  multipart-post 2.0.0
  nanoc 3.6.11
  nanoc-toolbox 0.1.3
  nested_form 0.3.2
  nio4r 1.0.0
  nokogiri 1.6.1
  oauth 0.4.7
  oauth2 0.9.3
  omniauth 1.2.1
  omniauth-google-oauth2 0.2.4
  omniauth-oauth 1.0.1
  omniauth-oauth2 1.1.2
  omniauth-twitter 1.0.1
  orm_adapter 0.5.0
  pg 0.17.1
  polyamorous 1.0.0
  polyglot 0.3.4
  posix-spawn 0.3.8
  pry 0.9.12.6
  pry-debugger 0.2.2
  pry-doc 0.4.6, 0.6.0
  pry-git 0.2.3
  pry-rails 0.3.2
  pry-remote 0.1.8
  pry-stack_explorer 0.4.9.1
  psych 2.0.3
  rack 1.5.2
  rack-pjax 0.7.0
  rack-test 0.6.2
  rails 4.1.0
  rails_12factor 0.0.2
  rails_admin 0.6.2
  rails_serve_static_assets 0.0.2
  rails_stdout_logging 0.0.3
  railties 4.1.0
  rake 10.1.0, 10.3.1, 10.3.2
  ransack 1.2.2
  rb-fsevent 0.9.4
  rb-inotify 0.9.4
  rdoc 4.1.0, 4.1.1
  remotipart 1.2.1
  responders 1.0.0
  rspec 2.14.1
  rspec-core 2.14.8
  rspec-expectations 2.14.5
  rspec-mocks 2.14.6
  rubytree 0.9.3
  safe_yaml 1.0.3
  sass 3.2.19
  sass-rails 4.0.3
  sdoc 0.4.0
  slop 3.5.0
  spring 1.1.2
  sprockets 2.11.0, 2.12.1
  sprockets-rails 2.1.3
  sqlite3 1.3.9
  structured_warnings 0.1.4
  test-unit 2.1.1.0, 2.5.5
  thor 0.19.1
  thread_safe 0.3.3
  tilt 1.4.1
  timers 1.1.0
  treetop 1.4.15
  turbolinks 2.2.2
  tzinfo 1.1.0
  uglifier 2.5.0
  warden 1.2.3
  yard 0.8.7.4

===== ENVIRONMENT:

Apple_PubSub_Socket_Render => "/tmp/launch-rxs9GM/Render"
COLORFGBG => "0;15"
DISPLAY => "/tmp/launch-bL7m58/org.macosforge.xquartz:0"
EDITOR => "subl -w"
GEM_EDITOR => "subl"
HOME => "/Users/pitosalas"
ITERM_PROFILE => "New Profile"
ITERM_SESSION_ID => "w0t4p0"
LANG => "en_US.UTF-8"
LOGNAME => "pitosalas"
OLDPWD => "/usr/local/Cellar/rbenv-gem-rehash/1.0.0"
PATH => "/Users/pitosalas/.rbenv/versions/2.1.1/bin:/usr/local/Cellar/rbenv/0.4.0/libexec:/usr/local/heroku/bin:/Users/pitosalas/.rbenv/shims:/usr/local/bin:/usr/bin:/bin:/usr/local/sbin:/usr/sbin:/sbin:/usr/X11/bin"
PWD => "/mydev/jbscosi2014"
RBENV_DIR => "/mydev/jbscosi2014"
RBENV_HOOK_PATH => ":/Users/pitosalas/.rbenv/rbenv.d:/usr/local/etc/rbenv.d:/etc/rbenv.d:/usr/lib/rbenv/hooks"
RBENV_ROOT => "/Users/pitosalas/.rbenv"
RBENV_VERSION => "2.1.1"
RUBYLIB => "/usr/local/Cellar/rbenv-gem-rehash/1.0.0:"
SHELL => "/bin/bash"
SHLVL => "1"
SSH_AUTH_SOCK => "/tmp/launch-NnSfc5/Listeners"
TERM => "xterm-256color"
TERM_PROGRAM => "iTerm.app"
TMPDIR => "/var/folders/6m/_lcczn1s51x623pwfg7xvhxm0000gn/T/"
USER => "pitosalas"
__CF_USER_TEXT_ENCODING => "0x1F5:0:0"
__CHECKFIX1436934 => "1"

===== LOAD PATHS:

  0. /Users/pitosalas/.rbenv/versions/2.1.1/lib/ruby/gems/2.1.0/gems/nanoc-3.6.11/lib
  1. /usr/local/Cellar/rbenv-gem-rehash/1.0.0
  2. /Users/pitosalas/.rbenv/versions/2.1.1/lib/ruby/gems/2.1.0/gems/colored-1.2/lib
  3. /Users/pitosalas/.rbenv/versions/2.1.1/lib/ruby/gems/2.1.0/gems/cri-2.6.0/lib
  4. /Users/pitosalas/.rbenv/versions/2.1.1/lib/ruby/gems/2.1.0/gems/nanoc-3.6.11/lib
  5. /Users/pitosalas/.rbenv/versions/2.1.1/lib/ruby/gems/2.1.0/gems/bundler-1.6.2/lib
  6. /Users/pitosalas/.rbenv/versions/2.1.1/lib/ruby/gems/2.1.0/gems/thor-0.19.1/lib
  7. /Users/pitosalas/.rbenv/versions/2.1.1/lib/ruby/gems/2.1.0/gems/mini_portile-0.5.3/lib
  8. /Users/pitosalas/.rbenv/versions/2.1.1/lib/ruby/gems/2.1.0/extensions/x86_64-darwin-13/2.1.0-static/nokogiri-1.6.1
  9. /Users/pitosalas/.rbenv/versions/2.1.1/lib/ruby/gems/2.1.0/gems/nokogiri-1.6.1/lib
  10. /Users/pitosalas/.rbenv/versions/2.1.1/lib/ruby/gems/2.1.0/gems/jsmin-1.0.1/lib
  11. /Users/pitosalas/.rbenv/versions/2.1.1/lib/ruby/gems/2.1.0/gems/nanoc-toolbox-0.1.3/lib
  12. /Users/pitosalas/.rbenv/versions/2.1.1/lib/ruby/gems/2.1.0/gems/coursegen-0.0.1/lib
  13. /Users/pitosalas/.rbenv/versions/2.1.1/lib/ruby/gems/2.1.0/gems/coderay-1.1.0/lib
  14. /Users/pitosalas/.rbenv/versions/2.1.1/lib/ruby/gems/2.1.0/gems/slop-3.5.0/lib
  15. /Users/pitosalas/.rbenv/versions/2.1.1/lib/ruby/gems/2.1.0/gems/method_source-0.8.2/lib
  16. /Users/pitosalas/.rbenv/versions/2.1.1/lib/ruby/gems/2.1.0/gems/pry-0.9.12.6/lib
  17. /Users/pitosalas/.rbenv/versions/2.1.1/lib/ruby/gems/2.1.0/gems/columnize-0.8.9/lib
  18. /Users/pitosalas/.rbenv/versions/2.1.1/lib/ruby/gems/2.1.0/gems/debugger-ruby_core_source-1.3.2/lib
  19. /Users/pitosalas/.rbenv/versions/2.1.1/lib/ruby/gems/2.1.0/gems/debugger-linecache-1.2.0/lib
  20. /Users/pitosalas/.rbenv/versions/2.1.1/lib/ruby/gems/2.1.0/extensions/x86_64-darwin-13/2.1.0-static/debugger-1.6.6
  21. /Users/pitosalas/.rbenv/versions/2.1.1/lib/ruby/gems/2.1.0/gems/debugger-1.6.6/lib
  22. /Users/pitosalas/.rbenv/versions/2.1.1/lib/ruby/gems/2.1.0/gems/pry-debugger-0.2.2/lib
  23. /Users/pitosalas/.rbenv/versions/2.1.1/lib/ruby/gems/2.1.0/gems/i18n-0.6.9/lib
  24. /Users/pitosalas/.rbenv/versions/2.1.1/lib/ruby/gems/2.1.0/gems/thread_safe-0.3.3/lib
  25. /Users/pitosalas/.rbenv/versions/2.1.1/lib/ruby/gems/2.1.0/gems/tzinfo-1.1.0/lib
  26. /Users/pitosalas/.rbenv/versions/2.1.1/lib/ruby/gems/2.1.0/gems/minitest-5.3.3/lib
  27. /Users/pitosalas/.rbenv/versions/2.1.1/lib/ruby/gems/2.1.0/gems/activesupport-4.1.0/lib
  28. /Users/pitosalas/.rbenv/versions/2.1.1/lib/ruby/gems/2.1.0/gems/structured_warnings-0.1.4/lib
  29. /Users/pitosalas/.rbenv/versions/2.1.1/lib/ruby/gems/2.1.0/gems/rubytree-0.9.3/lib
  30. /Users/pitosalas/.rbenv/versions/2.1.1/lib/ruby/gems/2.1.0/gems/kramdown-1.3.3/lib
  31. /Users/pitosalas/.rbenv/versions/2.1.1/lib/ruby/site_ruby/2.1.0
  32. /Users/pitosalas/.rbenv/versions/2.1.1/lib/ruby/site_ruby/2.1.0/x86_64-darwin13.0
  33. /Users/pitosalas/.rbenv/versions/2.1.1/lib/ruby/site_ruby
  34. /Users/pitosalas/.rbenv/versions/2.1.1/lib/ruby/vendor_ruby/2.1.0
  35. /Users/pitosalas/.rbenv/versions/2.1.1/lib/ruby/vendor_ruby/2.1.0/x86_64-darwin13.0
  36. /Users/pitosalas/.rbenv/versions/2.1.1/lib/ruby/vendor_ruby
  37. /Users/pitosalas/.rbenv/versions/2.1.1/lib/ruby/2.1.0
  38. /Users/pitosalas/.rbenv/versions/2.1.1/lib/ruby/2.1.0/x86_64-darwin13.0
